2023-04-13 21:05:49,543 INFO client.py Запущен клиент с парамертами: адрес сервера: 127.0.0.1, порт: 7777
2023-04-13 21:05:49,549 DEBUG client.py Сформировано presence сообщение для пользователя Lena
2023-04-13 21:05:49,549 INFO utils.py Отправка сообщения
2023-04-13 21:05:49,551 DEBUG client.py Разбор сообщения от сервера: {'response': 200}
2023-04-13 21:05:49,551 DEBUG client.py Прмшло сообщение '200 : OK'
2023-04-13 21:05:49,551 INFO client.py Принят ответ от сервера 200 : OK
2023-04-15 09:48:33,018 INFO client.py Запущен клиент с парамертами: адрес сервера: 127.0.0.1, порт: 7777
2023-04-15 09:48:35,060 CRITICAL client.py Не удалось подключиться к серверу 127.0.0.1 : 7777, конечный компьютер отверг запрос на подключение.
2023-04-15 09:49:11,089 INFO client.py Запущен клиент с парамертами: адрес сервера: 127.0.0.1, порт: 7777
2023-04-15 09:49:11,094 DEBUG client.py Сформировано "presence" сообщение для пользователя Lena
2023-04-15 09:49:11,094 INFO utils.py Отправка сообщения
2023-04-15 09:49:11,096 DEBUG client.py Разбор сообщения от сервера: {'response': 200}
2023-04-15 09:49:11,096 INFO client.py Принят ответ от сервера 200 : OK
2023-04-15 09:50:10,331 CRITICAL client.py  Попытка запуска клиента с неподходящим номером порта: 5. Допустимы адреса с 1024 до 65535. Клиент завершается.
2023-04-16 16:32:34,267 DEBUG decos.py Была вызвана функция create_arg_parser c параметрами (), {}. Вызов из модуля __main__. Вызов из функции main().Вызов из функции main
2023-04-16 16:32:34,268 INFO client.py Запущен клиент с парамертами: адрес сервера: 127.0.0.1, порт: 7777
2023-04-16 16:32:34,274 DEBUG client.py Сформировано "presence" сообщение для пользователя Lena
2023-04-16 16:32:34,279 DEBUG decos.py Была вызвана функция create_server_request c параметрами (), {}. Вызов из модуля __main__. Вызов из функции main().Вызов из функции main
2023-04-16 16:32:34,279 INFO utils.py Отправка сообщения
2023-04-16 16:32:34,284 INFO utils.py Отправка сообщения
2023-04-16 16:32:34,285 DEBUG client.py Разбор сообщения от сервера: {'response': 200}
2023-04-16 16:32:34,291 DEBUG decos.py Была вызвана функция process_ans c параметрами ({'response': 200},), {}. Вызов из модуля __main__. Вызов из функции main().Вызов из функции main
2023-04-16 16:32:34,291 INFO client.py Принят ответ от сервера 200 : OK
2023-04-16 16:32:34,296 DEBUG decos.py Была вызвана функция main c параметрами (), {}. Вызов из модуля __main__. Вызов из функции main().Вызов из функции <module>
2023-04-16 16:32:37,517 DEBUG decos.py Была вызвана функция create_arg_parser c параметрами (), {}. Вызов из модуля __main__. Вызов из функции main().Вызов из функции main
2023-04-16 16:32:37,518 INFO client.py Запущен клиент с парамертами: адрес сервера: 127.0.0.1, порт: 7777
2023-04-16 16:32:39,551 CRITICAL client.py Не удалось подключиться к серверу 127.0.0.1 : 7777, конечный компьютер отверг запрос на подключение.
2023-04-16 16:32:39,555 DEBUG decos.py Была вызвана функция main c параметрами (), {}. Вызов из модуля __main__. Вызов из функции main().Вызов из функции <module>
2023-04-16 16:33:33,483 DEBUG decos.py Была вызвана функция create_arg_parser c параметрами (), {}. Вызов из модуля __main__. Вызов из функции main().Вызов из функции main
2023-04-16 16:33:33,484 CRITICAL client.py  Попытка запуска клиента с неподходящим номером порта: 5. Допустимы адреса с 1024 до 65535. Клиент завершается.
2023-04-16 16:34:32,456 DEBUG decos.py Была вызвана функция create_arg_parser c параметрами (), {}. Вызов из модуля __main__. Вызов из функции main().Вызов из функции main
2023-04-16 16:34:32,457 INFO client.py Запущен клиент с парамертами: адрес сервера: 127.0.0.1, порт: 7777
2023-04-16 16:34:32,462 DEBUG client.py Сформировано "presence" сообщение для пользователя Lena
2023-04-16 16:34:32,467 DEBUG decos.py Была вызвана функция create_server_request c параметрами (), {}. Вызов из модуля __main__. Вызов из функции main().Вызов из функции main
2023-04-16 16:34:32,467 INFO utils.py Отправка сообщения
2023-04-16 16:34:32,473 INFO utils.py Отправка сообщения
2023-04-16 16:34:32,474 DEBUG client.py Разбор сообщения от сервера: {'response': 200}
2023-04-16 16:34:32,479 DEBUG decos.py Была вызвана функция process_ans c параметрами ({'response': 200},), {}. Вызов из модуля __main__. Вызов из функции main().Вызов из функции main
2023-04-16 16:34:32,479 INFO client.py Принят ответ от сервера 200 : OK
2023-04-16 16:34:32,484 DEBUG decos.py Была вызвана функция main c параметрами (), {}. Вызов из модуля __main__. Вызов из функции main().Вызов из функции <module>
2023-04-18 22:40:50,603 DEBUG decos.py Была вызвана функция create_arg_parser c параметрами (), {}. Вызов из модуля __main__. Вызов из функции main().Вызов из функции main
2023-04-18 22:40:50,604 INFO client.py Запущен клиент с парамертами: адрес сервера: 127.0.0.1, порт: 7777
2023-04-18 22:40:50,609 DEBUG client.py Сформировано "presence" сообщение для пользователя Lena
2023-04-18 22:40:50,614 DEBUG decos.py Была вызвана функция create_server_request c параметрами (), {}. Вызов из модуля __main__. Вызов из функции main().Вызов из функции main
2023-04-18 22:40:50,615 INFO utils.py Отправка сообщения
2023-04-18 22:40:50,621 INFO utils.py Отправка сообщения
2023-04-18 22:40:50,621 DEBUG client.py Разбор сообщения от сервера: {'response': 200}
2023-04-18 22:40:50,626 DEBUG decos.py Была вызвана функция process_ans c параметрами ({'response': 200},), {}. Вызов из модуля __main__. Вызов из функции main().Вызов из функции main
2023-04-18 22:40:50,627 INFO client.py Принят ответ от сервера 200 : OK
2023-04-18 22:40:50,634 DEBUG decos.py Была вызвана функция main c параметрами (), {}. Вызов из модуля __main__. Вызов из функции main().Вызов из функции <module>
2023-04-18 22:40:59,655 DEBUG decos.py Была вызвана функция create_arg_parser c параметрами (), {}. Вызов из модуля __main__. Вызов из функции main().Вызов из функции main
2023-04-18 22:40:59,656 CRITICAL client.py  Попытка запуска клиента с неподходящим номером порта: 7. Допустимы адреса с 1024 до 65535. Клиент завершается.
2023-04-18 22:41:03,503 DEBUG decos.py Была вызвана функция create_arg_parser c параметрами (), {}. Вызов из модуля __main__. Вызов из функции main().Вызов из функции main
2023-04-18 22:41:03,504 CRITICAL client.py  Попытка запуска клиента с неподходящим номером порта: 7. Допустимы адреса с 1024 до 65535. Клиент завершается.
2023-04-18 22:41:07,299 DEBUG decos.py Была вызвана функция create_arg_parser c параметрами (), {}. Вызов из модуля __main__. Вызов из функции main().Вызов из функции main
2023-04-18 22:41:07,300 INFO client.py Запущен клиент с парамертами: адрес сервера: 127.0.0.1, порт: 7777
2023-04-18 22:41:09,339 CRITICAL client.py Не удалось подключиться к серверу 127.0.0.1 : 7777, конечный компьютер отверг запрос на подключение.
2023-04-18 22:41:09,343 DEBUG decos.py Была вызвана функция main c параметрами (), {}. Вызов из модуля __main__. Вызов из функции main().Вызов из функции <module>
2023-04-18 22:42:58,807 DEBUG decos.py Была вызвана функция create_arg_parser c параметрами (), {}. Вызов из модуля __main__. Вызов из функции main().Вызов из функции main
2023-04-18 22:42:58,808 INFO client.py Запущен клиент с парамертами: адрес сервера: 127.0.0.1, порт: 7777
2023-04-18 22:42:58,813 DEBUG client.py Сформировано "presence" сообщение для пользователя Lena
2023-04-18 22:42:58,818 DEBUG decos.py Была вызвана функция create_server_request c параметрами (), {}. Вызов из модуля __main__. Вызов из функции main().Вызов из функции main
2023-04-18 22:42:58,818 INFO utils.py Отправка сообщения
2023-04-18 22:42:58,824 INFO utils.py Отправка сообщения
2023-04-18 22:42:58,825 DEBUG client.py Разбор сообщения от сервера: {'response': 200}
2023-04-18 22:42:58,830 DEBUG decos.py Была вызвана функция process_ans c параметрами ({'response': 200},), {}. Вызов из модуля __main__. Вызов из функции main().Вызов из функции main
2023-04-18 22:42:58,831 INFO client.py Принят ответ от сервера 200 : OK
2023-04-18 22:42:58,835 DEBUG decos.py Была вызвана функция main c параметрами (), {}. Вызов из модуля __main__. Вызов из функции main().Вызов из функции <module>
2023-04-18 22:49:39,658 DEBUG decos.py Была вызвана функция create_arg_parser c параметрами (), {}. Вызов из модуля __main__. Вызов из функции main().Вызов из функции main
2023-04-18 22:49:39,659 INFO client.py Запущен клиент с парамертами: адрес сервера: 127.0.0.1, порт: 7777
2023-04-18 22:49:39,664 DEBUG client.py Сформировано "presence" сообщение для пользователя Lena
2023-04-18 22:49:39,669 DEBUG decos.py Была вызвана функция create_server_request c параметрами (), {}. Вызов из модуля __main__. Вызов из функции main().Вызов из функции main
2023-04-18 22:49:39,669 INFO utils.py Отправка сообщения
2023-04-18 22:49:39,675 INFO utils.py Отправка сообщения
2023-04-18 22:49:39,676 DEBUG client.py Разбор сообщения от сервера: {'response': 200}
2023-04-18 22:49:39,681 DEBUG decos.py Была вызвана функция process_ans c параметрами ({'response': 200},), {}. Вызов из модуля __main__. Вызов из функции main().Вызов из функции main
2023-04-18 22:49:39,682 INFO client.py Принят ответ от сервера 200 : OK
2023-04-18 22:49:39,686 DEBUG decos.py Была вызвана функция main c параметрами (), {}. Вызов из модуля __main__. Вызов из функции main().Вызов из функции <module>
